kotlin version: 1.9.23
error message: java.lang.IllegalStateException: Symbol for kotlin/Experimental.<init>|-2598733490408306588[0] is unbound
	at org.jetbrains.kotlin.ir.symbols.impl.IrBindablePublicSymbolBase.getOwner(IrPublicSymbolBase.kt:63)
	at org.jetbrains.kotlin.ir.symbols.impl.IrConstructorPublicSymbolImpl.getOwner(IrPublicSymbolBase.kt:91)
	at org.jetbrains.kotlin.ir.util.AdditionalIrUtilsKt.getAnnotationClass(AdditionalIrUtils.kt:137)
	at org.jetbrains.kotlin.ir.util.AdditionalIrUtilsKt.hasAnnotation(AdditionalIrUtils.kt:159)
	at org.jetbrains.kotlin.backend.common.serialization.mangle.ir.IrExportCheckerVisitor$CompatibleChecker.isExported(IrExportCheckerVisitor.kt:89)
	at org.jetbrains.kotlin.backend.common.serialization.mangle.ir.IrExportCheckerVisitor$CompatibleChecker.visitClass(IrExportCheckerVisitor.kt:124)
	at org.jetbrains.kotlin.backend.common.serialization.mangle.ir.IrExportCheckerVisitor$CompatibleChecker.visitClass(IrExportCheckerVisitor.kt:87)
	at org.jetbrains.kotlin.ir.declarations.IrClass.accept(IrClass.kt:73)
	at org.jetbrains.kotlin.backend.common.serialization.mangle.ir.IrExportCheckerVisitor$CompatibleChecker.isExported(IrExportCheckerVisitor.kt:93)
	at org.jetbrains.kotlin.backend.common.serialization.mangle.ir.IrExportCheckerVisitor$CompatibleChecker.visitSimpleFunction(IrExportCheckerVisitor.kt:134)
	at org.jetbrains.kotlin.backend.common.serialization.mangle.ir.IrExportCheckerVisitor$CompatibleChecker.visitSimpleFunction(IrExportCheckerVisitor.kt:87)
	at org.jetbrains.kotlin.ir.declarations.IrSimpleFunction.accept(IrSimpleFunction.kt:37)
	at org.jetbrains.kotlin.backend.common.serialization.mangle.ir.IrExportCheckerVisitor.check(IrExportCheckerVisitor.kt:33)
	at org.jetbrains.kotlin.backend.common.serialization.mangle.ir.IrExportCheckerVisitor.check(IrExportCheckerVisitor.kt:23)
	at org.jetbrains.kotlin.backend.common.serialization.mangle.ir.IrBasedKotlinManglerImpl.isExported(IrBasedKotlinManglerImpl.kt:21)
	at org.jetbrains.kotlin.backend.common.serialization.mangle.ir.IrBasedKotlinManglerImpl.isExported(IrBasedKotlinManglerImpl.kt:14)
	at org.jetbrains.kotlin.backend.common.serialization.signature.IdSignatureSerializer.composeSignatureForDeclaration(IdSignatureSerializer.kt:206)
	at org.jetbrains.kotlin.backend.common.overrides.FakeOverrideBuilder.composeSignature(FakeOverrides.kt:180)
	at org.jetbrains.kotlin.backend.common.overrides.FakeOverrideBuilder.computeFunctionFakeOverrideSymbol(FakeOverrides.kt:188)
	at org.jetbrains.kotlin.backend.common.overrides.FakeOverrideBuilder.linkFunctionFakeOverride(FakeOverrides.kt:132)
	at org.jetbrains.kotlin.ir.overrides.FakeOverrideBuilderStrategy.linkFakeOverride(IrOverridingUtil.kt:37)
	at org.jetbrains.kotlin.ir.overrides.IrOverridingUtil.createAndBindFakeOverride(IrOverridingUtil.kt:443)
	at org.jetbrains.kotlin.ir.overrides.IrOverridingUtil.createAndBindFakeOverrides(IrOverridingUtil.kt:281)
	at org.jetbrains.kotlin.ir.overrides.IrOverridingUtil.generateOverridesInFunctionGroup(IrOverridingUtil.kt:237)
	at org.jetbrains.kotlin.ir.overrides.IrOverridingUtil.buildFakeOverridesForClass(IrOverridingUtil.kt:173)
	at org.jetbrains.kotlin.backend.common.overrides.FakeOverrideBuilder$buildFakeOverrideChainsForClass$2$1.invoke(FakeOverrides.kt:125)
	at org.jetbrains.kotlin.backend.common.overrides.FakeOverrideBuilder$buildFakeOverrideChainsForClass$2$1.invoke(FakeOverrides.kt:124)
	at org.jetbrains.kotlin.backend.common.serialization.signature.PublicIdSignatureComputer.inFile(IdSignatureSerializer.kt:45)
	at org.jetbrains.kotlin.backend.common.serialization.signature.IdSignatureSerializer.inFile(IdSignatureSerializer.kt:215)
	at org.jetbrains.kotlin.backend.common.serialization.DeclarationTable.inFile(DeclarationTable.kt:62)
	at org.jetbrains.kotlin.backend.common.overrides.FakeOverrideBuilder.buildFakeOverrideChainsForClass(FakeOverrides.kt:124)
	at org.jetbrains.kotlin.backend.common.overrides.FakeOverrideBuilder.provideFakeOverrides(FakeOverrides.kt:281)
	at org.jetbrains.kotlin.backend.common.overrides.FakeOverrideBuilder.provideFakeOverrides(FakeOverrides.kt:291)
	at org.jetbrains.kotlin.backend.common.serialization.KotlinIrLinker.postProcess(KotlinIrLinker.kt:226)
	at org.jetbrains.kotlin.ir.backend.js.ic.LoadedJsIr.loadUnboundSymbols(JsIrLinkerLoader.kt:76)
	at org.jetbrains.kotlin.ir.backend.js.ic.JsIrLinkerLoader.loadIr(JsIrLinkerLoader.kt:231)
	at org.jetbrains.kotlin.ir.backend.js.ic.JsIrLinkerLoader.loadIr$default(JsIrLinkerLoader.kt:175)
	at org.jetbrains.kotlin.ir.backend.js.ic.CacheUpdater.loadIrForDirtyFilesAndInitCompiler(CacheUpdater.kt:680)
	at org.jetbrains.kotlin.ir.backend.js.ic.CacheUpdater.loadIrAndMakeIrFragmentGenerators(CacheUpdater.kt:744)
	at org.jetbrains.kotlin.ir.backend.js.ic.CacheUpdater.actualizeCaches(CacheUpdater.kt:768)
	at org.jetbrains.kotlin.cli.js.K2JsIrCompiler.prepareIcCaches(K2JsIrCompiler.kt:615)
	at org.jetbrains.kotlin.cli.js.K2JsIrCompiler.doExecute(K2JsIrCompiler.kt:253)
	at org.jetbrains.kotlin.cli.js.K2JSCompiler.doExecute(K2JSCompiler.java:181)
	at org.jetbrains.kotlin.cli.js.K2JSCompiler.doExecute(K2JSCompiler.java:72)
	at org.jetbrains.kotlin.cli.common.CLICompiler.execImpl(CLICompiler.kt:104)
	at org.jetbrains.kotlin.cli.common.CLICompiler.execImpl(CLICompiler.kt:48)
	at org.jetbrains.kotlin.cli.common.CLITool.exec(CLITool.kt:101)
	at org.jetbrains.kotlin.daemon.CompileServiceImpl.compile(CompileServiceImpl.kt:1523)
	at java.base/jdk.internal.reflect.NativeMethodAccessorImpl.invoke0(Native Method)
	at java.base/jdk.internal.reflect.NativeMethodAccessorImpl.invoke(NativeMethodAccessorImpl.java:77)
	at java.base/jdk.internal.reflect.DelegatingMethodAccessorImpl.invoke(DelegatingMethodAccessorImpl.java:43)
	at java.base/java.lang.reflect.Method.invoke(Method.java:568)
	at java.rmi/sun.rmi.server.UnicastServerRef.dispatch(UnicastServerRef.java:360)
	at java.rmi/sun.rmi.transport.Transport$1.run(Transport.java:200)
	at java.rmi/sun.rmi.transport.Transport$1.run(Transport.java:197)
	at java.base/java.security.AccessController.doPrivileged(AccessController.java:712)
	at java.rmi/sun.rmi.transport.Transport.serviceCall(Transport.java:196)
	at java.rmi/sun.rmi.transport.tcp.TCPTransport.handleMessages(TCPTransport.java:587)
	at java.rmi/sun.rmi.transport.tcp.TCPTransport$ConnectionHandler.run0(TCPTransport.java:828)
	at java.rmi/sun.rmi.transport.tcp.TCPTransport$ConnectionHandler.lambda$run$0(TCPTransport.java:705)
	at java.base/java.security.AccessController.doPrivileged(AccessController.java:399)
	at java.rmi/sun.rmi.transport.tcp.TCPTransport$ConnectionHandler.run(TCPTransport.java:704)
	at java.base/java.util.concurrent.ThreadPoolExecutor.runWorker(ThreadPoolExecutor.java:1136)
	at java.base/java.util.concurrent.ThreadPoolExecutor$Worker.run(ThreadPoolExecutor.java:635)
	at java.base/java.lang.Thread.run(Thread.java:840)


